2025-04-25 17:13:26,701: INFO : root : Removing triangle cells.
2025-04-25 17:13:26,709: INFO : mesh_generation : Tetrahedral Mesh erstellt mit 1 Tetraedern.
2025-04-25 17:13:27,038: INFO : mesh_generation : Tetrahedral Mesh erfolgreich gespeichert: test_pictures/tetramesh_25042025_170403.vtk
2025-04-25 17:13:27,038: INFO : __main__ : Tetrahedrales Mesh erfolgreich generiert und gespeichert als: test_pictures/tetramesh_25042025_170403.vtk
2025-04-25 17:13:27,038: INFO : __main__ : Verarbeitung abgeschlossen.
2025-04-25 17:13:27,040: INFO : __main__ : Verarbeitung in 563.49 Sekunden abgeschlossen.
2025-04-25 17:18:07,049: INFO : __main__ : Starting processing and visualization...
2025-04-25 17:18:07,049: INFO : __main__ : Lade Bilder aus: /home/mathias/PycharmProjects/BoneSimulation/data/bigdataset
2025-04-25 17:18:07,050: INFO : image_loading : Insgesamt 691 Bilder gefunden. Verarbeite in Chunks von 50
2025-04-25 17:18:07,050: INFO : image_loading : Lade Chunk 1/14 (50 Bilder)
2025-04-25 17:18:07,273: INFO : __main__ : Verarbeite Chunk 1 mit 50 Bildern
2025-04-25 17:18:09,410: INFO : image_processing : Otsu-Threshold berechnet: 197.00
2025-04-25 17:18:12,263: INFO : image_processing : Binärisierung abgeschlossen mit Schwellwert: 197.00
2025-04-25 17:18:12,290: INFO : image_processing : Starte morphologisches Closing mit Radius 3...
2025-04-25 17:18:26,182: INFO : image_processing : Morphologisches Closing abgeschlossen.
2025-04-25 17:18:26,221: INFO : image_processing : Starte Interpolation mit Skalierungsfaktor 0.5...
2025-04-25 17:18:26,221: INFO : image_processing : Interpoliere Chunk 1/3...
2025-04-25 17:18:26,363: INFO : image_processing : Chunk 1/3 interpoliert.
2025-04-25 17:18:26,363: INFO : image_processing : Interpoliere Chunk 2/3...
2025-04-25 17:18:26,505: INFO : image_processing : Chunk 2/3 interpoliert.
2025-04-25 17:18:26,505: INFO : image_processing : Interpoliere Chunk 3/3...
2025-04-25 17:18:26,577: INFO : image_processing : Chunk 3/3 interpoliert.
2025-04-25 17:18:26,577: INFO : image_processing : Interpolation abgeschlossen. Neues Volumen: (25, 512, 512)
2025-04-25 17:18:26,595: INFO : __main__ : Chunk 1 verarbeitet. Aktueller Speicherverbrauch: 55.5%
2025-04-25 17:18:26,595: INFO : image_loading : Lade Chunk 2/14 (50 Bilder)
2025-04-25 17:18:26,790: INFO : __main__ : Verarbeite Chunk 2 mit 50 Bildern
2025-04-25 17:18:28,732: INFO : image_processing : Otsu-Threshold berechnet: 198.00
2025-04-25 17:18:31,983: INFO : image_processing : Binärisierung abgeschlossen mit Schwellwert: 198.00
2025-04-25 17:18:32,006: INFO : image_processing : Starte morphologisches Closing mit Radius 3...
2025-04-25 17:18:45,901: INFO : image_processing : Morphologisches Closing abgeschlossen.
2025-04-25 17:18:45,939: INFO : image_processing : Starte Interpolation mit Skalierungsfaktor 0.5...
2025-04-25 17:18:45,939: INFO : image_processing : Interpoliere Chunk 1/3...
2025-04-25 17:18:46,080: INFO : image_processing : Chunk 1/3 interpoliert.
2025-04-25 17:18:46,080: INFO : image_processing : Interpoliere Chunk 2/3...
2025-04-25 17:18:46,225: INFO : image_processing : Chunk 2/3 interpoliert.
2025-04-25 17:18:46,226: INFO : image_processing : Interpoliere Chunk 3/3...
2025-04-25 17:18:46,295: INFO : image_processing : Chunk 3/3 interpoliert.
2025-04-25 17:18:46,295: INFO : image_processing : Interpolation abgeschlossen. Neues Volumen: (25, 512, 512)
2025-04-25 17:18:46,314: INFO : __main__ : Chunk 2 verarbeitet. Aktueller Speicherverbrauch: 55.4%
2025-04-25 17:18:46,314: INFO : image_loading : Lade Chunk 3/14 (50 Bilder)
2025-04-25 17:18:46,510: INFO : __main__ : Verarbeite Chunk 3 mit 50 Bildern
2025-04-25 17:18:48,455: INFO : image_processing : Otsu-Threshold berechnet: 197.00
2025-04-25 17:18:52,011: INFO : image_processing : Binärisierung abgeschlossen mit Schwellwert: 197.00
2025-04-25 17:18:52,038: INFO : image_processing : Starte morphologisches Closing mit Radius 3...
2025-04-25 17:19:05,870: INFO : image_processing : Morphologisches Closing abgeschlossen.
2025-04-25 17:19:05,907: INFO : image_processing : Starte Interpolation mit Skalierungsfaktor 0.5...
2025-04-25 17:19:05,908: INFO : image_processing : Interpoliere Chunk 1/3...
2025-04-25 17:19:06,048: INFO : image_processing : Chunk 1/3 interpoliert.
2025-04-25 17:19:06,048: INFO : image_processing : Interpoliere Chunk 2/3...
2025-04-25 17:19:06,189: INFO : image_processing : Chunk 2/3 interpoliert.
2025-04-25 17:19:06,189: INFO : image_processing : Interpoliere Chunk 3/3...
2025-04-25 17:19:06,260: INFO : image_processing : Chunk 3/3 interpoliert.
2025-04-25 17:19:06,260: INFO : image_processing : Interpolation abgeschlossen. Neues Volumen: (25, 512, 512)
2025-04-25 17:19:06,278: INFO : __main__ : Chunk 3 verarbeitet. Aktueller Speicherverbrauch: 56.7%
2025-04-25 17:19:06,278: INFO : image_loading : Lade Chunk 4/14 (50 Bilder)
2025-04-25 17:19:06,486: INFO : __main__ : Verarbeite Chunk 4 mit 50 Bildern
2025-04-25 17:19:08,593: INFO : image_processing : Otsu-Threshold berechnet: 196.00
2025-04-25 17:19:12,478: INFO : image_processing : Binärisierung abgeschlossen mit Schwellwert: 196.00
2025-04-25 17:19:12,504: INFO : image_processing : Starte morphologisches Closing mit Radius 3...
2025-04-25 17:19:26,464: INFO : image_processing : Morphologisches Closing abgeschlossen.
2025-04-25 17:19:26,502: INFO : image_processing : Starte Interpolation mit Skalierungsfaktor 0.5...
2025-04-25 17:19:26,502: INFO : image_processing : Interpoliere Chunk 1/3...
2025-04-25 17:19:26,644: INFO : image_processing : Chunk 1/3 interpoliert.
2025-04-25 17:19:26,644: INFO : image_processing : Interpoliere Chunk 2/3...
2025-04-25 17:19:26,784: INFO : image_processing : Chunk 2/3 interpoliert.
2025-04-25 17:19:26,784: INFO : image_processing : Interpoliere Chunk 3/3...
2025-04-25 17:19:26,865: INFO : image_processing : Chunk 3/3 interpoliert.
2025-04-25 17:19:26,866: INFO : image_processing : Interpolation abgeschlossen. Neues Volumen: (25, 512, 512)
2025-04-25 17:19:26,884: INFO : __main__ : Chunk 4 verarbeitet. Aktueller Speicherverbrauch: 55.0%
2025-04-25 17:19:26,884: INFO : image_loading : Lade Chunk 5/14 (50 Bilder)
2025-04-25 17:19:27,056: INFO : __main__ : Verarbeite Chunk 5 mit 50 Bildern
2025-04-25 17:19:28,999: INFO : image_processing : Otsu-Threshold berechnet: 196.00
2025-04-25 17:19:32,840: INFO : image_processing : Binärisierung abgeschlossen mit Schwellwert: 196.00
2025-04-25 17:19:32,861: INFO : image_processing : Starte morphologisches Closing mit Radius 3...
2025-04-25 17:19:47,079: INFO : image_processing : Morphologisches Closing abgeschlossen.
2025-04-25 17:19:47,122: INFO : image_processing : Starte Interpolation mit Skalierungsfaktor 0.5...
2025-04-25 17:19:47,122: INFO : image_processing : Interpoliere Chunk 1/3...
2025-04-25 17:19:47,267: INFO : image_processing : Chunk 1/3 interpoliert.
2025-04-25 17:19:47,267: INFO : image_processing : Interpoliere Chunk 2/3...
2025-04-25 17:19:47,415: INFO : image_processing : Chunk 2/3 interpoliert.
2025-04-25 17:19:47,415: INFO : image_processing : Interpoliere Chunk 3/3...
2025-04-25 17:19:47,492: INFO : image_processing : Chunk 3/3 interpoliert.
2025-04-25 17:19:47,492: INFO : image_processing : Interpolation abgeschlossen. Neues Volumen: (25, 512, 512)
2025-04-25 17:19:47,516: INFO : __main__ : Chunk 5 verarbeitet. Aktueller Speicherverbrauch: 55.4%
2025-04-25 17:19:47,516: INFO : image_loading : Lade Chunk 6/14 (50 Bilder)
2025-04-25 17:19:47,715: INFO : __main__ : Verarbeite Chunk 6 mit 50 Bildern
2025-04-25 17:19:50,234: INFO : image_processing : Otsu-Threshold berechnet: 198.00
2025-04-25 17:19:53,796: INFO : image_processing : Binärisierung abgeschlossen mit Schwellwert: 198.00
2025-04-25 17:19:53,821: INFO : image_processing : Starte morphologisches Closing mit Radius 3...
2025-04-25 17:20:08,346: INFO : image_processing : Morphologisches Closing abgeschlossen.
2025-04-25 17:20:08,391: INFO : image_processing : Starte Interpolation mit Skalierungsfaktor 0.5...
2025-04-25 17:20:08,391: INFO : image_processing : Interpoliere Chunk 1/3...
2025-04-25 17:20:08,537: INFO : image_processing : Chunk 1/3 interpoliert.
2025-04-25 17:20:08,537: INFO : image_processing : Interpoliere Chunk 2/3...
2025-04-25 17:20:08,685: INFO : image_processing : Chunk 2/3 interpoliert.
2025-04-25 17:20:08,685: INFO : image_processing : Interpoliere Chunk 3/3...
2025-04-25 17:20:08,759: INFO : image_processing : Chunk 3/3 interpoliert.
2025-04-25 17:20:08,759: INFO : image_processing : Interpolation abgeschlossen. Neues Volumen: (25, 512, 512)
2025-04-25 17:20:08,778: INFO : __main__ : Chunk 6 verarbeitet. Aktueller Speicherverbrauch: 55.6%
2025-04-25 17:20:08,779: INFO : image_loading : Lade Chunk 7/14 (50 Bilder)
2025-04-25 17:20:08,973: INFO : __main__ : Verarbeite Chunk 7 mit 50 Bildern
2025-04-25 17:20:11,119: INFO : image_processing : Otsu-Threshold berechnet: 197.00
2025-04-25 17:20:14,553: INFO : image_processing : Binärisierung abgeschlossen mit Schwellwert: 197.00
2025-04-25 17:20:14,583: INFO : image_processing : Starte morphologisches Closing mit Radius 3...
2025-04-25 17:20:29,963: INFO : image_processing : Morphologisches Closing abgeschlossen.
2025-04-25 17:20:30,008: INFO : image_processing : Starte Interpolation mit Skalierungsfaktor 0.5...
2025-04-25 17:20:30,008: INFO : image_processing : Interpoliere Chunk 1/3...
2025-04-25 17:20:30,154: INFO : image_processing : Chunk 1/3 interpoliert.
2025-04-25 17:20:30,155: INFO : image_processing : Interpoliere Chunk 2/3...
2025-04-25 17:20:30,300: INFO : image_processing : Chunk 2/3 interpoliert.
2025-04-25 17:20:30,300: INFO : image_processing : Interpoliere Chunk 3/3...
2025-04-25 17:20:30,376: INFO : image_processing : Chunk 3/3 interpoliert.
2025-04-25 17:20:30,376: INFO : image_processing : Interpolation abgeschlossen. Neues Volumen: (25, 512, 512)
2025-04-25 17:20:30,398: INFO : __main__ : Chunk 7 verarbeitet. Aktueller Speicherverbrauch: 55.9%
2025-04-25 17:20:30,398: INFO : image_loading : Lade Chunk 8/14 (50 Bilder)
2025-04-25 17:20:30,600: INFO : __main__ : Verarbeite Chunk 8 mit 50 Bildern
2025-04-25 17:20:32,676: INFO : image_processing : Otsu-Threshold berechnet: 194.00
2025-04-25 17:20:36,197: INFO : image_processing : Binärisierung abgeschlossen mit Schwellwert: 194.00
2025-04-25 17:20:36,223: INFO : image_processing : Starte morphologisches Closing mit Radius 3...
2025-04-25 17:20:50,770: INFO : image_processing : Morphologisches Closing abgeschlossen.
2025-04-25 17:20:50,829: INFO : image_processing : Starte Interpolation mit Skalierungsfaktor 0.5...
2025-04-25 17:20:50,830: INFO : image_processing : Interpoliere Chunk 1/3...
2025-04-25 17:20:50,988: INFO : image_processing : Chunk 1/3 interpoliert.
2025-04-25 17:20:50,988: INFO : image_processing : Interpoliere Chunk 2/3...
2025-04-25 17:20:51,189: INFO : image_processing : Chunk 2/3 interpoliert.
2025-04-25 17:20:51,189: INFO : image_processing : Interpoliere Chunk 3/3...
2025-04-25 17:20:51,272: INFO : image_processing : Chunk 3/3 interpoliert.
2025-04-25 17:20:51,272: INFO : image_processing : Interpolation abgeschlossen. Neues Volumen: (25, 512, 512)
2025-04-25 17:20:51,298: INFO : __main__ : Chunk 8 verarbeitet. Aktueller Speicherverbrauch: 56.0%
2025-04-25 17:20:51,298: INFO : image_loading : Lade Chunk 9/14 (50 Bilder)
2025-04-25 17:20:51,633: INFO : __main__ : Verarbeite Chunk 9 mit 50 Bildern
2025-04-25 17:20:53,828: INFO : image_processing : Otsu-Threshold berechnet: 193.00
2025-04-25 17:20:57,703: INFO : image_processing : Binärisierung abgeschlossen mit Schwellwert: 193.00
2025-04-25 17:20:57,729: INFO : image_processing : Starte morphologisches Closing mit Radius 3...
2025-04-25 17:21:12,572: INFO : image_processing : Morphologisches Closing abgeschlossen.
2025-04-25 17:21:12,612: INFO : image_processing : Starte Interpolation mit Skalierungsfaktor 0.5...
2025-04-25 17:21:12,613: INFO : image_processing : Interpoliere Chunk 1/3...
2025-04-25 17:21:12,756: INFO : image_processing : Chunk 1/3 interpoliert.
2025-04-25 17:21:12,757: INFO : image_processing : Interpoliere Chunk 2/3...
2025-04-25 17:21:12,898: INFO : image_processing : Chunk 2/3 interpoliert.
2025-04-25 17:21:12,898: INFO : image_processing : Interpoliere Chunk 3/3...
2025-04-25 17:21:12,970: INFO : image_processing : Chunk 3/3 interpoliert.
2025-04-25 17:21:12,971: INFO : image_processing : Interpolation abgeschlossen. Neues Volumen: (25, 512, 512)
2025-04-25 17:21:12,989: INFO : __main__ : Chunk 9 verarbeitet. Aktueller Speicherverbrauch: 57.0%
2025-04-25 17:21:12,990: INFO : image_loading : Lade Chunk 10/14 (50 Bilder)
2025-04-25 17:21:13,175: INFO : __main__ : Verarbeite Chunk 10 mit 50 Bildern
2025-04-25 17:21:15,099: INFO : image_processing : Otsu-Threshold berechnet: 192.00
2025-04-25 17:21:18,325: INFO : image_processing : Binärisierung abgeschlossen mit Schwellwert: 192.00
2025-04-25 17:21:18,348: INFO : image_processing : Starte morphologisches Closing mit Radius 3...
2025-04-25 17:21:32,643: INFO : image_processing : Morphologisches Closing abgeschlossen.
2025-04-25 17:21:32,681: INFO : image_processing : Starte Interpolation mit Skalierungsfaktor 0.5...
2025-04-25 17:21:32,681: INFO : image_processing : Interpoliere Chunk 1/3...
2025-04-25 17:21:32,820: INFO : image_processing : Chunk 1/3 interpoliert.
2025-04-25 17:21:32,820: INFO : image_processing : Interpoliere Chunk 2/3...
2025-04-25 17:21:32,960: INFO : image_processing : Chunk 2/3 interpoliert.
2025-04-25 17:21:32,960: INFO : image_processing : Interpoliere Chunk 3/3...
2025-04-25 17:21:33,030: INFO : image_processing : Chunk 3/3 interpoliert.
2025-04-25 17:21:33,030: INFO : image_processing : Interpolation abgeschlossen. Neues Volumen: (25, 512, 512)
2025-04-25 17:21:33,048: INFO : __main__ : Chunk 10 verarbeitet. Aktueller Speicherverbrauch: 55.3%
2025-04-25 17:21:33,048: INFO : image_loading : Lade Chunk 11/14 (50 Bilder)
2025-04-25 17:21:33,215: INFO : __main__ : Verarbeite Chunk 11 mit 50 Bildern
2025-04-25 17:21:35,144: INFO : image_processing : Otsu-Threshold berechnet: 192.00
2025-04-25 17:21:38,369: INFO : image_processing : Binärisierung abgeschlossen mit Schwellwert: 192.00
2025-04-25 17:21:38,393: INFO : image_processing : Starte morphologisches Closing mit Radius 3...
2025-04-25 17:21:52,120: INFO : image_processing : Morphologisches Closing abgeschlossen.
2025-04-25 17:21:52,163: INFO : image_processing : Starte Interpolation mit Skalierungsfaktor 0.5...
2025-04-25 17:21:52,163: INFO : image_processing : Interpoliere Chunk 1/3...
2025-04-25 17:21:52,308: INFO : image_processing : Chunk 1/3 interpoliert.
2025-04-25 17:21:52,308: INFO : image_processing : Interpoliere Chunk 2/3...
2025-04-25 17:21:52,453: INFO : image_processing : Chunk 2/3 interpoliert.
2025-04-25 17:21:52,453: INFO : image_processing : Interpoliere Chunk 3/3...
2025-04-25 17:21:52,526: INFO : image_processing : Chunk 3/3 interpoliert.
2025-04-25 17:21:52,526: INFO : image_processing : Interpolation abgeschlossen. Neues Volumen: (25, 512, 512)
2025-04-25 17:21:52,550: INFO : __main__ : Chunk 11 verarbeitet. Aktueller Speicherverbrauch: 55.8%
2025-04-25 17:21:52,550: INFO : image_loading : Lade Chunk 12/14 (50 Bilder)
2025-04-25 17:21:52,754: INFO : __main__ : Verarbeite Chunk 12 mit 50 Bildern
2025-04-25 17:21:54,665: INFO : image_processing : Otsu-Threshold berechnet: 194.00
2025-04-25 17:21:58,379: INFO : image_processing : Binärisierung abgeschlossen mit Schwellwert: 194.00
2025-04-25 17:21:58,401: INFO : image_processing : Starte morphologisches Closing mit Radius 3...
2025-04-25 17:22:12,400: INFO : image_processing : Morphologisches Closing abgeschlossen.
2025-04-25 17:22:12,438: INFO : image_processing : Starte Interpolation mit Skalierungsfaktor 0.5...
2025-04-25 17:22:12,438: INFO : image_processing : Interpoliere Chunk 1/3...
2025-04-25 17:22:12,579: INFO : image_processing : Chunk 1/3 interpoliert.
2025-04-25 17:22:12,579: INFO : image_processing : Interpoliere Chunk 2/3...
2025-04-25 17:22:12,719: INFO : image_processing : Chunk 2/3 interpoliert.
2025-04-25 17:22:12,719: INFO : image_processing : Interpoliere Chunk 3/3...
2025-04-25 17:22:12,789: INFO : image_processing : Chunk 3/3 interpoliert.
2025-04-25 17:22:12,789: INFO : image_processing : Interpolation abgeschlossen. Neues Volumen: (25, 512, 512)
2025-04-25 17:22:12,807: INFO : __main__ : Chunk 12 verarbeitet. Aktueller Speicherverbrauch: 55.7%
2025-04-25 17:22:12,807: INFO : image_loading : Lade Chunk 13/14 (50 Bilder)
2025-04-25 17:22:12,982: INFO : __main__ : Verarbeite Chunk 13 mit 50 Bildern
2025-04-25 17:22:14,991: INFO : image_processing : Otsu-Threshold berechnet: 194.00
2025-04-25 17:22:18,896: INFO : image_processing : Binärisierung abgeschlossen mit Schwellwert: 194.00
2025-04-25 17:22:18,928: INFO : image_processing : Starte morphologisches Closing mit Radius 3...
2025-04-25 17:22:33,399: INFO : image_processing : Morphologisches Closing abgeschlossen.
2025-04-25 17:22:33,442: INFO : image_processing : Starte Interpolation mit Skalierungsfaktor 0.5...
2025-04-25 17:22:33,443: INFO : image_processing : Interpoliere Chunk 1/3...
2025-04-25 17:22:33,593: INFO : image_processing : Chunk 1/3 interpoliert.
2025-04-25 17:22:33,594: INFO : image_processing : Interpoliere Chunk 2/3...
2025-04-25 17:22:33,757: INFO : image_processing : Chunk 2/3 interpoliert.
2025-04-25 17:22:33,757: INFO : image_processing : Interpoliere Chunk 3/3...
2025-04-25 17:22:33,838: INFO : image_processing : Chunk 3/3 interpoliert.
2025-04-25 17:22:33,838: INFO : image_processing : Interpolation abgeschlossen. Neues Volumen: (25, 512, 512)
2025-04-25 17:22:33,863: INFO : __main__ : Chunk 13 verarbeitet. Aktueller Speicherverbrauch: 55.9%
2025-04-25 17:22:33,863: INFO : image_loading : Lade Chunk 14/14 (41 Bilder)
2025-04-25 17:22:34,133: INFO : __main__ : Verarbeite Chunk 14 mit 41 Bildern
2025-04-25 17:22:36,073: INFO : image_processing : Otsu-Threshold berechnet: 161.00
2025-04-25 17:22:38,735: INFO : image_processing : Binärisierung abgeschlossen mit Schwellwert: 161.00
2025-04-25 17:22:38,757: INFO : image_processing : Starte morphologisches Closing mit Radius 3...
2025-04-25 17:22:50,641: INFO : image_processing : Morphologisches Closing abgeschlossen.
2025-04-25 17:22:50,680: INFO : image_processing : Starte Interpolation mit Skalierungsfaktor 0.5...
2025-04-25 17:22:50,681: INFO : image_processing : Interpoliere Chunk 1/3...
2025-04-25 17:22:50,831: INFO : image_processing : Chunk 1/3 interpoliert.
2025-04-25 17:22:50,831: INFO : image_processing : Interpoliere Chunk 2/3...
2025-04-25 17:22:50,979: INFO : image_processing : Chunk 2/3 interpoliert.
2025-04-25 17:22:50,979: INFO : image_processing : Interpoliere Chunk 3/3...
2025-04-25 17:22:50,981: INFO : image_processing : Chunk 3/3 interpoliert.
2025-04-25 17:22:50,981: INFO : image_processing : Interpolation abgeschlossen. Neues Volumen: (20, 512, 512)
2025-04-25 17:22:51,001: INFO : __main__ : Chunk 14 verarbeitet. Aktueller Speicherverbrauch: 55.6%
2025-04-25 17:22:51,046: INFO : __main__ : Suche nach dem größten Cluster...
2025-04-25 17:22:51,047: INFO : cluster_analysis : Starte Connected Component Labeling...
2025-04-25 17:22:53,985: INFO : cluster_analysis : Connected Component Labeling abgeschlossen. 49 Cluster gefunden.
2025-04-25 17:22:54,215: INFO : cluster_analysis : Größtes Cluster hat Label 1 mit 84956537 Voxeln
2025-04-25 17:22:54,307: INFO : __main__ : Größtes Cluster gefunden: 84956537 Voxel von insgesamt 49 Clustern
2025-04-25 17:22:54,325: INFO : __main__ : Generiere Mesh mit Marching Cubes...
2025-04-25 17:22:57,616: INFO : mesh_generation : Marching Cubes erfolgreich ausgeführt. 3997555 Punkte, 7987690 Flächen generiert.
2025-04-25 17:22:57,617: INFO : mesh_generation : Speichere Mesh mit 3997555 Vertices und 7987690 Dreiecken als VTK...
2025-04-25 17:22:57,976: INFO : mesh_generation : Mesh erfolgreich als VTK-Datei gespeichert: test_pictures/mesh_25042025_171807.vtk
2025-04-25 17:22:57,976: INFO : __main__ : Mesh gespeichert als: test_pictures/mesh_25042025_171807.vtk
2025-04-25 17:22:57,976: INFO : __main__ : Generiere tetrahedrales Mesh...
2025-04-25 17:22:57,976: INFO : mesh_generation : Volumen zu groß für direktes Tetrahedral Meshing (90439680 > 50000000).
2025-04-25 17:22:57,976: INFO : mesh_generation : Wende Downsampling an...
2025-04-25 17:22:58,108: INFO : mesh_generation : Volumen auf (172, 256, 256) verkleinert (Faktor: 0.500)
2025-04-25 17:22:58,109: INFO : mesh_generation : Voxelgröße angepasst auf 0.200000
2025-04-25 17:22:58,109: INFO : mesh_generation : Generiere Surface Mesh als Basis für Tetrahedral Mesh...
2025-04-25 17:22:58,700: INFO : mesh_generation : Starte CGAL Tetrahedral Meshing basierend auf Surface Mesh...
2025-04-25 17:27:21,643: INFO : root : Removing triangle cells.
2025-04-25 17:27:21,655: INFO : mesh_generation : Tetrahedral Mesh erstellt mit 1 Tetraedern.
2025-04-25 17:27:21,977: INFO : mesh_generation : Tetrahedral Mesh erfolgreich gespeichert: test_pictures/tetramesh_25042025_171807.vtk
2025-04-25 17:27:21,977: INFO : __main__ : Tetrahedrales Mesh erfolgreich generiert und gespeichert als: test_pictures/tetramesh_25042025_171807.vtk
2025-04-25 17:27:21,977: INFO : __main__ : Verarbeitung abgeschlossen.
2025-04-25 17:27:21,979: INFO : __main__ : Verarbeitung in 554.93 Sekunden abgeschlossen.
2025-04-25 17:40:05,091: INFO : __main__ : Starting processing and visualization...
2025-04-25 17:40:05,091: INFO : __main__ : Lade Bilder aus: /home/mathias/PycharmProjects/BoneSimulation/data/bigdataset
2025-04-25 17:40:05,092: INFO : image_loading : Insgesamt 691 Bilder gefunden. Verarbeite in Chunks von 50
2025-04-25 17:40:05,092: INFO : image_loading : Lade Chunk 1/14 (50 Bilder)
2025-04-25 17:40:05,302: INFO : __main__ : Verarbeite Chunk 1 mit 50 Bildern
2025-04-25 17:40:07,977: INFO : image_processing : Otsu-Threshold berechnet: 197.00
2025-04-25 17:40:11,144: INFO : image_processing : Binärisierung abgeschlossen mit Schwellwert: 197.00
2025-04-25 17:40:11,182: INFO : image_processing : Starte morphologisches Closing mit Radius 3...
2025-04-25 17:40:25,834: INFO : image_processing : Morphologisches Closing abgeschlossen.
2025-04-25 17:40:25,893: INFO : image_processing : Starte Interpolation mit Skalierungsfaktor 0.5...
2025-04-25 17:40:25,893: INFO : image_processing : Interpoliere Chunk 1/3...
2025-04-25 17:40:26,049: INFO : image_processing : Chunk 1/3 interpoliert.
2025-04-25 17:40:26,049: INFO : image_processing : Interpoliere Chunk 2/3...
2025-04-25 17:40:26,214: INFO : image_processing : Chunk 2/3 interpoliert.
2025-04-25 17:40:26,214: INFO : image_processing : Interpoliere Chunk 3/3...
2025-04-25 17:40:26,301: INFO : image_processing : Chunk 3/3 interpoliert.
2025-04-25 17:40:26,301: INFO : image_processing : Interpolation abgeschlossen. Neues Volumen: (25, 512, 512)
2025-04-25 17:40:26,323: INFO : __main__ : Chunk 1 verarbeitet. Aktueller Speicherverbrauch: 60.5%
2025-04-25 17:40:26,323: INFO : image_loading : Lade Chunk 2/14 (50 Bilder)
2025-04-25 17:40:26,550: INFO : __main__ : Verarbeite Chunk 2 mit 50 Bildern
2025-04-25 17:40:28,921: INFO : image_processing : Otsu-Threshold berechnet: 198.00
2025-04-25 17:40:33,240: INFO : image_processing : Binärisierung abgeschlossen mit Schwellwert: 198.00
2025-04-25 17:40:33,271: INFO : image_processing : Starte morphologisches Closing mit Radius 3...
2025-04-25 17:40:48,103: INFO : image_processing : Morphologisches Closing abgeschlossen.
2025-04-25 17:40:48,153: INFO : image_processing : Starte Interpolation mit Skalierungsfaktor 0.5...
2025-04-25 17:40:48,153: INFO : image_processing : Interpoliere Chunk 1/3...
2025-04-25 17:40:48,302: INFO : image_processing : Chunk 1/3 interpoliert.
2025-04-25 17:40:48,302: INFO : image_processing : Interpoliere Chunk 2/3...
2025-04-25 17:40:48,447: INFO : image_processing : Chunk 2/3 interpoliert.
2025-04-25 17:40:48,447: INFO : image_processing : Interpoliere Chunk 3/3...
2025-04-25 17:40:48,521: INFO : image_processing : Chunk 3/3 interpoliert.
2025-04-25 17:40:48,521: INFO : image_processing : Interpolation abgeschlossen. Neues Volumen: (25, 512, 512)
2025-04-25 17:40:48,543: INFO : __main__ : Chunk 2 verarbeitet. Aktueller Speicherverbrauch: 60.9%
2025-04-25 17:40:48,543: INFO : image_loading : Lade Chunk 3/14 (50 Bilder)
2025-04-25 17:40:48,817: INFO : __main__ : Verarbeite Chunk 3 mit 50 Bildern
2025-04-25 17:40:51,352: INFO : image_processing : Otsu-Threshold berechnet: 197.00
2025-04-25 17:40:55,434: INFO : image_processing : Binärisierung abgeschlossen mit Schwellwert: 197.00
2025-04-25 17:40:55,463: INFO : image_processing : Starte morphologisches Closing mit Radius 3...
2025-04-25 17:41:10,381: INFO : image_processing : Morphologisches Closing abgeschlossen.
2025-04-25 17:41:10,431: INFO : image_processing : Starte Interpolation mit Skalierungsfaktor 0.5...
2025-04-25 17:41:10,431: INFO : image_processing : Interpoliere Chunk 1/3...
2025-04-25 17:41:10,588: INFO : image_processing : Chunk 1/3 interpoliert.
2025-04-25 17:41:10,588: INFO : image_processing : Interpoliere Chunk 2/3...
2025-04-25 17:41:10,736: INFO : image_processing : Chunk 2/3 interpoliert.
2025-04-25 17:41:10,736: INFO : image_processing : Interpoliere Chunk 3/3...
2025-04-25 17:41:10,815: INFO : image_processing : Chunk 3/3 interpoliert.
2025-04-25 17:41:10,815: INFO : image_processing : Interpolation abgeschlossen. Neues Volumen: (25, 512, 512)
2025-04-25 17:41:10,837: INFO : __main__ : Chunk 3 verarbeitet. Aktueller Speicherverbrauch: 61.6%
2025-04-25 17:41:10,837: INFO : image_loading : Lade Chunk 4/14 (50 Bilder)
2025-04-25 17:41:11,096: INFO : __main__ : Verarbeite Chunk 4 mit 50 Bildern
2025-04-25 17:41:13,241: INFO : image_processing : Otsu-Threshold berechnet: 196.00
2025-04-25 17:41:17,028: INFO : image_processing : Binärisierung abgeschlossen mit Schwellwert: 196.00
2025-04-25 17:41:17,053: INFO : image_processing : Starte morphologisches Closing mit Radius 3...
2025-04-25 17:41:31,663: INFO : image_processing : Morphologisches Closing abgeschlossen.
2025-04-25 17:41:31,717: INFO : image_processing : Starte Interpolation mit Skalierungsfaktor 0.5...
2025-04-25 17:41:31,718: INFO : image_processing : Interpoliere Chunk 1/3...
2025-04-25 17:41:31,866: INFO : image_processing : Chunk 1/3 interpoliert.
2025-04-25 17:41:31,866: INFO : image_processing : Interpoliere Chunk 2/3...
2025-04-25 17:41:32,013: INFO : image_processing : Chunk 2/3 interpoliert.
2025-04-25 17:41:32,013: INFO : image_processing : Interpoliere Chunk 3/3...
2025-04-25 17:41:32,087: INFO : image_processing : Chunk 3/3 interpoliert.
2025-04-25 17:41:32,087: INFO : image_processing : Interpolation abgeschlossen. Neues Volumen: (25, 512, 512)
2025-04-25 17:41:32,112: INFO : __main__ : Chunk 4 verarbeitet. Aktueller Speicherverbrauch: 60.9%
2025-04-25 17:41:32,112: INFO : image_loading : Lade Chunk 5/14 (50 Bilder)
2025-04-25 17:41:32,342: INFO : __main__ : Verarbeite Chunk 5 mit 50 Bildern
2025-04-25 17:41:34,494: INFO : image_processing : Otsu-Threshold berechnet: 196.00
2025-04-25 17:41:38,845: INFO : image_processing : Binärisierung abgeschlossen mit Schwellwert: 196.00
2025-04-25 17:41:38,874: INFO : image_processing : Starte morphologisches Closing mit Radius 3...
2025-04-25 17:41:54,128: INFO : image_processing : Morphologisches Closing abgeschlossen.
2025-04-25 17:41:54,177: INFO : image_processing : Starte Interpolation mit Skalierungsfaktor 0.5...
2025-04-25 17:41:54,177: INFO : image_processing : Interpoliere Chunk 1/3...
2025-04-25 17:41:54,323: INFO : image_processing : Chunk 1/3 interpoliert.
2025-04-25 17:41:54,323: INFO : image_processing : Interpoliere Chunk 2/3...
2025-04-25 17:41:54,466: INFO : image_processing : Chunk 2/3 interpoliert.
2025-04-25 17:41:54,467: INFO : image_processing : Interpoliere Chunk 3/3...
2025-04-25 17:41:54,541: INFO : image_processing : Chunk 3/3 interpoliert.
2025-04-25 17:41:54,541: INFO : image_processing : Interpolation abgeschlossen. Neues Volumen: (25, 512, 512)
2025-04-25 17:41:54,562: INFO : __main__ : Chunk 5 verarbeitet. Aktueller Speicherverbrauch: 60.5%
2025-04-25 17:41:54,562: INFO : image_loading : Lade Chunk 6/14 (50 Bilder)
2025-04-25 17:41:54,775: INFO : __main__ : Verarbeite Chunk 6 mit 50 Bildern
2025-04-25 17:41:56,944: INFO : image_processing : Otsu-Threshold berechnet: 198.00
2025-04-25 17:42:01,517: INFO : image_processing : Binärisierung abgeschlossen mit Schwellwert: 198.00
2025-04-25 17:42:01,542: INFO : image_processing : Starte morphologisches Closing mit Radius 3...
2025-04-25 17:42:16,820: INFO : image_processing : Morphologisches Closing abgeschlossen.
2025-04-25 17:42:16,875: INFO : image_processing : Starte Interpolation mit Skalierungsfaktor 0.5...
2025-04-25 17:42:16,876: INFO : image_processing : Interpoliere Chunk 1/3...
2025-04-25 17:42:17,047: INFO : image_processing : Chunk 1/3 interpoliert.
2025-04-25 17:42:17,047: INFO : image_processing : Interpoliere Chunk 2/3...
2025-04-25 17:42:17,233: INFO : image_processing : Chunk 2/3 interpoliert.
2025-04-25 17:42:17,234: INFO : image_processing : Interpoliere Chunk 3/3...
2025-04-25 17:42:17,317: INFO : image_processing : Chunk 3/3 interpoliert.
2025-04-25 17:42:17,317: INFO : image_processing : Interpolation abgeschlossen. Neues Volumen: (25, 512, 512)
2025-04-25 17:42:17,344: INFO : __main__ : Chunk 6 verarbeitet. Aktueller Speicherverbrauch: 61.2%
2025-04-25 17:42:17,344: INFO : image_loading : Lade Chunk 7/14 (50 Bilder)
2025-04-25 17:42:17,713: INFO : __main__ : Verarbeite Chunk 7 mit 50 Bildern
2025-04-25 17:42:19,875: INFO : image_processing : Otsu-Threshold berechnet: 197.00
2025-04-25 17:42:24,249: INFO : image_processing : Binärisierung abgeschlossen mit Schwellwert: 197.00
2025-04-25 17:42:24,277: INFO : image_processing : Starte morphologisches Closing mit Radius 3...
2025-04-25 17:42:38,935: INFO : image_processing : Morphologisches Closing abgeschlossen.
2025-04-25 17:42:38,982: INFO : image_processing : Starte Interpolation mit Skalierungsfaktor 0.5...
2025-04-25 17:42:38,982: INFO : image_processing : Interpoliere Chunk 1/3...
2025-04-25 17:42:39,131: INFO : image_processing : Chunk 1/3 interpoliert.
2025-04-25 17:42:39,131: INFO : image_processing : Interpoliere Chunk 2/3...
2025-04-25 17:42:39,274: INFO : image_processing : Chunk 2/3 interpoliert.
2025-04-25 17:42:39,274: INFO : image_processing : Interpoliere Chunk 3/3...
2025-04-25 17:42:39,348: INFO : image_processing : Chunk 3/3 interpoliert.
2025-04-25 17:42:39,348: INFO : image_processing : Interpolation abgeschlossen. Neues Volumen: (25, 512, 512)
2025-04-25 17:42:39,370: INFO : __main__ : Chunk 7 verarbeitet. Aktueller Speicherverbrauch: 61.1%
2025-04-25 17:42:39,370: INFO : image_loading : Lade Chunk 8/14 (50 Bilder)
2025-04-25 17:42:39,592: INFO : __main__ : Verarbeite Chunk 8 mit 50 Bildern
2025-04-25 17:42:41,736: INFO : image_processing : Otsu-Threshold berechnet: 194.00
2025-04-25 17:42:46,371: INFO : image_processing : Binärisierung abgeschlossen mit Schwellwert: 194.00
2025-04-25 17:42:46,397: INFO : image_processing : Starte morphologisches Closing mit Radius 3...
2025-04-25 17:43:00,901: INFO : image_processing : Morphologisches Closing abgeschlossen.
2025-04-25 17:43:00,957: INFO : image_processing : Starte Interpolation mit Skalierungsfaktor 0.5...
2025-04-25 17:43:00,958: INFO : image_processing : Interpoliere Chunk 1/3...
2025-04-25 17:43:01,120: INFO : image_processing : Chunk 1/3 interpoliert.
2025-04-25 17:43:01,121: INFO : image_processing : Interpoliere Chunk 2/3...
2025-04-25 17:43:01,295: INFO : image_processing : Chunk 2/3 interpoliert.
2025-04-25 17:43:01,296: INFO : image_processing : Interpoliere Chunk 3/3...
2025-04-25 17:43:01,382: INFO : image_processing : Chunk 3/3 interpoliert.
2025-04-25 17:43:01,382: INFO : image_processing : Interpolation abgeschlossen. Neues Volumen: (25, 512, 512)
2025-04-25 17:43:01,409: INFO : __main__ : Chunk 8 verarbeitet. Aktueller Speicherverbrauch: 61.5%
2025-04-25 17:43:01,409: INFO : image_loading : Lade Chunk 9/14 (50 Bilder)
2025-04-25 17:43:01,826: INFO : __main__ : Verarbeite Chunk 9 mit 50 Bildern
2025-04-25 17:43:04,027: INFO : image_processing : Otsu-Threshold berechnet: 192.00
2025-04-25 17:43:07,767: INFO : image_processing : Binärisierung abgeschlossen mit Schwellwert: 192.00
2025-04-25 17:43:07,795: INFO : image_processing : Starte morphologisches Closing mit Radius 3...
2025-04-25 17:43:22,553: INFO : image_processing : Morphologisches Closing abgeschlossen.
2025-04-25 17:43:22,606: INFO : image_processing : Starte Interpolation mit Skalierungsfaktor 0.5...
2025-04-25 17:43:22,606: INFO : image_processing : Interpoliere Chunk 1/3...
2025-04-25 17:43:22,752: INFO : image_processing : Chunk 1/3 interpoliert.
2025-04-25 17:43:22,752: INFO : image_processing : Interpoliere Chunk 2/3...
2025-04-25 17:43:22,899: INFO : image_processing : Chunk 2/3 interpoliert.
2025-04-25 17:43:22,899: INFO : image_processing : Interpoliere Chunk 3/3...
2025-04-25 17:43:22,974: INFO : image_processing : Chunk 3/3 interpoliert.
2025-04-25 17:43:22,974: INFO : image_processing : Interpolation abgeschlossen. Neues Volumen: (25, 512, 512)
2025-04-25 17:43:22,997: INFO : __main__ : Chunk 9 verarbeitet. Aktueller Speicherverbrauch: 62.2%
2025-04-25 17:43:22,998: INFO : image_loading : Lade Chunk 10/14 (50 Bilder)
2025-04-25 17:43:23,293: INFO : __main__ : Verarbeite Chunk 10 mit 50 Bildern
2025-04-25 17:43:25,453: INFO : image_processing : Otsu-Threshold berechnet: 192.00
2025-04-25 17:43:29,504: INFO : image_processing : Binärisierung abgeschlossen mit Schwellwert: 192.00
2025-04-25 17:43:29,528: INFO : image_processing : Starte morphologisches Closing mit Radius 3...
2025-04-25 17:43:44,377: INFO : image_processing : Morphologisches Closing abgeschlossen.
2025-04-25 17:43:44,438: INFO : image_processing : Starte Interpolation mit Skalierungsfaktor 0.5...
2025-04-25 17:43:44,438: INFO : image_processing : Interpoliere Chunk 1/3...
2025-04-25 17:43:44,600: INFO : image_processing : Chunk 1/3 interpoliert.
2025-04-25 17:43:44,600: INFO : image_processing : Interpoliere Chunk 2/3...
2025-04-25 17:43:44,755: INFO : image_processing : Chunk 2/3 interpoliert.
2025-04-25 17:43:44,755: INFO : image_processing : Interpoliere Chunk 3/3...
2025-04-25 17:43:44,832: INFO : image_processing : Chunk 3/3 interpoliert.
2025-04-25 17:43:44,832: INFO : image_processing : Interpolation abgeschlossen. Neues Volumen: (25, 512, 512)
2025-04-25 17:43:44,857: INFO : __main__ : Chunk 10 verarbeitet. Aktueller Speicherverbrauch: 62.2%
2025-04-25 17:43:44,857: INFO : image_loading : Lade Chunk 11/14 (50 Bilder)
2025-04-25 17:43:45,221: INFO : __main__ : Verarbeite Chunk 11 mit 50 Bildern
2025-04-25 17:43:47,408: INFO : image_processing : Otsu-Threshold berechnet: 193.00
2025-04-25 17:43:51,264: INFO : image_processing : Binärisierung abgeschlossen mit Schwellwert: 193.00
2025-04-25 17:43:51,293: INFO : image_processing : Starte morphologisches Closing mit Radius 3...
2025-04-25 17:44:06,068: INFO : image_processing : Morphologisches Closing abgeschlossen.
2025-04-25 17:44:06,123: INFO : image_processing : Starte Interpolation mit Skalierungsfaktor 0.5...
2025-04-25 17:44:06,124: INFO : image_processing : Interpoliere Chunk 1/3...
2025-04-25 17:44:06,282: INFO : image_processing : Chunk 1/3 interpoliert.
2025-04-25 17:44:06,282: INFO : image_processing : Interpoliere Chunk 2/3...
2025-04-25 17:44:06,428: INFO : image_processing : Chunk 2/3 interpoliert.
2025-04-25 17:44:06,428: INFO : image_processing : Interpoliere Chunk 3/3...
2025-04-25 17:44:06,503: INFO : image_processing : Chunk 3/3 interpoliert.
2025-04-25 17:44:06,503: INFO : image_processing : Interpolation abgeschlossen. Neues Volumen: (25, 512, 512)
2025-04-25 17:44:06,526: INFO : __main__ : Chunk 11 verarbeitet. Aktueller Speicherverbrauch: 62.1%
2025-04-25 17:44:06,526: INFO : image_loading : Lade Chunk 12/14 (50 Bilder)
2025-04-25 17:44:06,762: INFO : __main__ : Verarbeite Chunk 12 mit 50 Bildern
2025-04-25 17:44:08,850: INFO : image_processing : Otsu-Threshold berechnet: 194.00
2025-04-25 17:44:12,700: INFO : image_processing : Binärisierung abgeschlossen mit Schwellwert: 194.00
2025-04-25 17:44:12,731: INFO : image_processing : Starte morphologisches Closing mit Radius 3...
2025-04-25 17:44:27,364: INFO : image_processing : Morphologisches Closing abgeschlossen.
2025-04-25 17:44:27,434: INFO : image_processing : Starte Interpolation mit Skalierungsfaktor 0.5...
2025-04-25 17:44:27,435: INFO : image_processing : Interpoliere Chunk 1/3...
2025-04-25 17:44:27,632: INFO : image_processing : Chunk 1/3 interpoliert.
2025-04-25 17:44:27,632: INFO : image_processing : Interpoliere Chunk 2/3...
2025-04-25 17:44:27,840: INFO : image_processing : Chunk 2/3 interpoliert.
2025-04-25 17:44:27,841: INFO : image_processing : Interpoliere Chunk 3/3...
2025-04-25 17:44:27,954: INFO : image_processing : Chunk 3/3 interpoliert.
2025-04-25 17:44:27,954: INFO : image_processing : Interpolation abgeschlossen. Neues Volumen: (25, 512, 512)
2025-04-25 17:44:27,985: INFO : __main__ : Chunk 12 verarbeitet. Aktueller Speicherverbrauch: 61.0%
2025-04-25 17:44:27,986: INFO : image_loading : Lade Chunk 13/14 (50 Bilder)
2025-04-25 17:44:28,408: INFO : __main__ : Verarbeite Chunk 13 mit 50 Bildern
2025-04-25 17:44:30,549: INFO : image_processing : Otsu-Threshold berechnet: 194.00
2025-04-25 17:44:34,594: INFO : image_processing : Binärisierung abgeschlossen mit Schwellwert: 194.00
2025-04-25 17:44:34,619: INFO : image_processing : Starte morphologisches Closing mit Radius 3...
2025-04-25 17:44:49,116: INFO : image_processing : Morphologisches Closing abgeschlossen.
2025-04-25 17:44:49,163: INFO : image_processing : Starte Interpolation mit Skalierungsfaktor 0.5...
2025-04-25 17:44:49,164: INFO : image_processing : Interpoliere Chunk 1/3...
2025-04-25 17:44:49,306: INFO : image_processing : Chunk 1/3 interpoliert.
2025-04-25 17:44:49,307: INFO : image_processing : Interpoliere Chunk 2/3...
2025-04-25 17:44:49,455: INFO : image_processing : Chunk 2/3 interpoliert.
2025-04-25 17:44:49,455: INFO : image_processing : Interpoliere Chunk 3/3...
2025-04-25 17:44:49,531: INFO : image_processing : Chunk 3/3 interpoliert.
2025-04-25 17:44:49,531: INFO : image_processing : Interpolation abgeschlossen. Neues Volumen: (25, 512, 512)
2025-04-25 17:44:49,550: INFO : __main__ : Chunk 13 verarbeitet. Aktueller Speicherverbrauch: 60.7%
2025-04-25 17:44:49,550: INFO : image_loading : Lade Chunk 14/14 (41 Bilder)
2025-04-25 17:44:49,737: INFO : __main__ : Verarbeite Chunk 14 mit 41 Bildern
2025-04-25 17:44:51,465: INFO : image_processing : Otsu-Threshold berechnet: 161.00
2025-04-25 17:44:53,716: INFO : image_processing : Binärisierung abgeschlossen mit Schwellwert: 161.00
2025-04-25 17:44:53,743: INFO : image_processing : Starte morphologisches Closing mit Radius 3...
2025-04-25 17:45:05,998: INFO : image_processing : Morphologisches Closing abgeschlossen.
2025-04-25 17:45:06,041: INFO : image_processing : Starte Interpolation mit Skalierungsfaktor 0.5...
2025-04-25 17:45:06,041: INFO : image_processing : Interpoliere Chunk 1/3...
2025-04-25 17:45:06,196: INFO : image_processing : Chunk 1/3 interpoliert.
2025-04-25 17:45:06,196: INFO : image_processing : Interpoliere Chunk 2/3...
2025-04-25 17:45:06,341: INFO : image_processing : Chunk 2/3 interpoliert.
2025-04-25 17:45:06,342: INFO : image_processing : Interpoliere Chunk 3/3...
2025-04-25 17:45:06,343: INFO : image_processing : Chunk 3/3 interpoliert.
2025-04-25 17:45:06,343: INFO : image_processing : Interpolation abgeschlossen. Neues Volumen: (20, 512, 512)
2025-04-25 17:45:06,363: INFO : __main__ : Chunk 14 verarbeitet. Aktueller Speicherverbrauch: 61.9%
2025-04-25 17:45:06,408: INFO : __main__ : Suche nach dem größten Cluster...
2025-04-25 17:45:06,409: INFO : cluster_analysis : Starte Connected Component Labeling...
2025-04-25 17:45:09,243: INFO : cluster_analysis : Connected Component Labeling abgeschlossen. 49 Cluster gefunden.
2025-04-25 17:45:09,488: INFO : cluster_analysis : Größtes Cluster hat Label 1 mit 84956521 Voxeln
2025-04-25 17:45:09,595: INFO : __main__ : Größtes Cluster gefunden: 84956521 Voxel von insgesamt 49 Clustern
2025-04-25 17:45:09,617: INFO : __main__ : Generiere Mesh mit Marching Cubes...
2025-04-25 17:45:13,282: INFO : mesh_generation : Marching Cubes erfolgreich ausgeführt. 3997823 Punkte, 7988230 Flächen generiert.
2025-04-25 17:45:13,284: INFO : mesh_generation : Speichere Mesh mit 3997823 Vertices und 7988230 Dreiecken als VTK...
2025-04-25 17:45:13,711: INFO : mesh_generation : Mesh erfolgreich als VTK-Datei gespeichert: test_pictures/mesh_25042025_174005.vtk
2025-04-25 17:45:13,711: INFO : __main__ : Mesh gespeichert als: test_pictures/mesh_25042025_174005.vtk
2025-04-25 17:45:13,711: INFO : __main__ : Generiere tetrahedrales Mesh...
2025-04-25 17:45:13,711: INFO : mesh_generation : Volumen zu groß für direktes Tetrahedral Meshing (90439680 > 50000000).
2025-04-25 17:45:13,712: INFO : mesh_generation : Wende Downsampling an...
2025-04-25 17:45:13,844: INFO : mesh_generation : Volumen auf (172, 256, 256) verkleinert (Faktor: 0.500)
2025-04-25 17:45:13,844: INFO : mesh_generation : Voxelgröße angepasst auf 0.200000
2025-04-25 17:45:13,844: INFO : mesh_generation : Starte CGAL Tetrahedral Meshing...
2025-04-25 17:49:49,730: INFO : root : Removing triangle cells.
2025-04-25 17:49:49,730: INFO : mesh_generation : Tetrahedral Mesh erstellt mit 1 Tetraedern.
2025-04-25 17:49:50,072: INFO : mesh_generation : Tetrahedral Mesh erfolgreich gespeichert: test_pictures/tetramesh_25042025_174005.vtk
2025-04-25 17:49:50,072: INFO : __main__ : Tetrahedrales Mesh erfolgreich generiert und gespeichert als: test_pictures/tetramesh_25042025_174005.vtk
2025-04-25 17:49:50,072: INFO : __main__ : Verarbeitung abgeschlossen.
2025-04-25 17:49:50,074: INFO : __main__ : Verarbeitung in 584.98 Sekunden abgeschlossen.
2025-05-09 19:40:22,852: INFO : __main__ : Starting processing and visualization...
2025-05-09 19:40:22,855: INFO : __main__ : Loading images from: /home/mathias/PycharmProjects/BoneSimulation/data/bigdataset
2025-05-09 19:40:22,857: INFO : image_loading : Total of 691 images found. Processing in chunks of 50.
2025-05-09 19:40:22,857: INFO : image_loading : Loading chunk 1/14 (50 images)
2025-05-09 19:40:23,057: INFO : __main__ : Processing chunk 1 with 50 images
2025-05-09 19:40:25,066: INFO : image_processing : Otsu threshold calculated: 197.00
2025-05-09 19:40:28,346: INFO : image_processing : Binarization completed with threshold: 197.00
2025-05-09 19:40:28,370: INFO : image_processing : Starting morphological closing with radius 3...
2025-05-09 19:40:42,175: INFO : image_processing : Morphological closing completed.
2025-05-09 19:40:42,217: INFO : image_processing : Starting interpolation with scaling factor 0.5...
2025-05-09 19:40:42,217: INFO : image_processing : Interpolating chunk 1/3...
2025-05-09 19:40:42,359: INFO : image_processing : Chunk 1/3 interpolated.
2025-05-09 19:40:42,359: INFO : image_processing : Interpolating chunk 2/3...
2025-05-09 19:40:42,502: INFO : image_processing : Chunk 2/3 interpolated.
2025-05-09 19:40:42,502: INFO : image_processing : Interpolating chunk 3/3...
2025-05-09 19:40:42,575: INFO : image_processing : Chunk 3/3 interpolated.
2025-05-09 19:40:42,575: INFO : image_processing : Interpolation completed. New volume: (25, 512, 512)
2025-05-09 19:40:42,593: INFO : __main__ : Chunk 1 processed. Current memory usage: 46.6%
2025-05-09 19:40:42,593: INFO : image_loading : Loading chunk 2/14 (50 images)
2025-05-09 19:40:42,788: INFO : __main__ : Processing chunk 2 with 50 images
2025-05-09 19:40:44,768: INFO : image_processing : Otsu threshold calculated: 198.00
2025-05-09 19:40:48,164: INFO : image_processing : Binarization completed with threshold: 198.00
2025-05-09 19:40:48,186: INFO : image_processing : Starting morphological closing with radius 3...
2025-05-09 19:41:02,526: INFO : image_processing : Morphological closing completed.
2025-05-09 19:41:02,574: INFO : image_processing : Starting interpolation with scaling factor 0.5...
2025-05-09 19:41:02,574: INFO : image_processing : Interpolating chunk 1/3...
2025-05-09 19:41:02,718: INFO : image_processing : Chunk 1/3 interpolated.
2025-05-09 19:41:02,718: INFO : image_processing : Interpolating chunk 2/3...
2025-05-09 19:41:02,863: INFO : image_processing : Chunk 2/3 interpolated.
2025-05-09 19:41:02,863: INFO : image_processing : Interpolating chunk 3/3...
2025-05-09 19:41:02,937: INFO : image_processing : Chunk 3/3 interpolated.
2025-05-09 19:41:02,938: INFO : image_processing : Interpolation completed. New volume: (25, 512, 512)
2025-05-09 19:41:02,960: INFO : __main__ : Chunk 2 processed. Current memory usage: 48.6%
2025-05-09 19:41:02,960: INFO : image_loading : Loading chunk 3/14 (50 images)
2025-05-09 19:41:03,246: INFO : __main__ : Processing chunk 3 with 50 images
2025-05-09 19:41:05,584: INFO : image_processing : Otsu threshold calculated: 197.00
2025-05-09 19:41:09,816: INFO : image_processing : Binarization completed with threshold: 197.00
2025-05-09 19:41:09,841: INFO : image_processing : Starting morphological closing with radius 3...
2025-05-09 19:41:24,544: INFO : image_processing : Morphological closing completed.
2025-05-09 19:41:24,602: INFO : image_processing : Starting interpolation with scaling factor 0.5...
2025-05-09 19:41:24,602: INFO : image_processing : Interpolating chunk 1/3...
2025-05-09 19:41:24,750: INFO : image_processing : Chunk 1/3 interpolated.
2025-05-09 19:41:24,750: INFO : image_processing : Interpolating chunk 2/3...
2025-05-09 19:41:24,913: INFO : image_processing : Chunk 2/3 interpolated.
2025-05-09 19:41:24,913: INFO : image_processing : Interpolating chunk 3/3...
2025-05-09 19:41:25,001: INFO : image_processing : Chunk 3/3 interpolated.
2025-05-09 19:41:25,001: INFO : image_processing : Interpolation completed. New volume: (25, 512, 512)
2025-05-09 19:41:25,027: INFO : __main__ : Chunk 3 processed. Current memory usage: 49.8%
2025-05-09 19:41:25,028: INFO : image_loading : Loading chunk 4/14 (50 images)
2025-05-09 19:41:25,304: INFO : __main__ : Processing chunk 4 with 50 images
2025-05-09 19:41:27,572: INFO : image_processing : Otsu threshold calculated: 196.00
2025-05-09 19:41:30,561: INFO : image_processing : Binarization completed with threshold: 196.00
2025-05-09 19:41:30,589: INFO : image_processing : Starting morphological closing with radius 3...
2025-05-09 19:41:45,174: INFO : image_processing : Morphological closing completed.
2025-05-09 19:41:45,228: INFO : image_processing : Starting interpolation with scaling factor 0.5...
2025-05-09 19:41:45,228: INFO : image_processing : Interpolating chunk 1/3...
2025-05-09 19:41:45,374: INFO : image_processing : Chunk 1/3 interpolated.
2025-05-09 19:41:45,374: INFO : image_processing : Interpolating chunk 2/3...
2025-05-09 19:41:45,518: INFO : image_processing : Chunk 2/3 interpolated.
2025-05-09 19:41:45,518: INFO : image_processing : Interpolating chunk 3/3...
2025-05-09 19:41:45,592: INFO : image_processing : Chunk 3/3 interpolated.
2025-05-09 19:41:45,592: INFO : image_processing : Interpolation completed. New volume: (25, 512, 512)
2025-05-09 19:41:45,616: INFO : __main__ : Chunk 4 processed. Current memory usage: 49.8%
2025-05-09 19:41:45,616: INFO : image_loading : Loading chunk 5/14 (50 images)
2025-05-09 19:41:45,868: INFO : __main__ : Processing chunk 5 with 50 images
2025-05-09 19:41:47,991: INFO : image_processing : Otsu threshold calculated: 196.00
2025-05-09 19:41:51,669: INFO : image_processing : Binarization completed with threshold: 196.00
2025-05-09 19:41:51,700: INFO : image_processing : Starting morphological closing with radius 3...
2025-05-09 19:42:06,134: INFO : image_processing : Morphological closing completed.
2025-05-09 19:42:06,182: INFO : image_processing : Starting interpolation with scaling factor 0.5...
2025-05-09 19:42:06,183: INFO : image_processing : Interpolating chunk 1/3...
2025-05-09 19:42:06,329: INFO : image_processing : Chunk 1/3 interpolated.
2025-05-09 19:42:06,329: INFO : image_processing : Interpolating chunk 2/3...
2025-05-09 19:42:06,499: INFO : image_processing : Chunk 2/3 interpolated.
2025-05-09 19:42:06,499: INFO : image_processing : Interpolating chunk 3/3...
2025-05-09 19:42:06,573: INFO : image_processing : Chunk 3/3 interpolated.
2025-05-09 19:42:06,573: INFO : image_processing : Interpolation completed. New volume: (25, 512, 512)
2025-05-09 19:42:06,596: INFO : __main__ : Chunk 5 processed. Current memory usage: 49.6%
2025-05-09 19:42:06,596: INFO : image_loading : Loading chunk 6/14 (50 images)
2025-05-09 19:42:06,992: INFO : __main__ : Processing chunk 6 with 50 images
2025-05-09 19:42:09,178: INFO : image_processing : Otsu threshold calculated: 198.00
2025-05-09 19:42:13,381: INFO : image_processing : Binarization completed with threshold: 198.00
2025-05-09 19:42:13,410: INFO : image_processing : Starting morphological closing with radius 3...
2025-05-09 19:42:28,001: INFO : image_processing : Morphological closing completed.
2025-05-09 19:42:28,053: INFO : image_processing : Starting interpolation with scaling factor 0.5...
2025-05-09 19:42:28,054: INFO : image_processing : Interpolating chunk 1/3...
2025-05-09 19:42:28,199: INFO : image_processing : Chunk 1/3 interpolated.
2025-05-09 19:42:28,199: INFO : image_processing : Interpolating chunk 2/3...
2025-05-09 19:42:28,362: INFO : image_processing : Chunk 2/3 interpolated.
2025-05-09 19:42:28,362: INFO : image_processing : Interpolating chunk 3/3...
2025-05-09 19:42:28,437: INFO : image_processing : Chunk 3/3 interpolated.
2025-05-09 19:42:28,437: INFO : image_processing : Interpolation completed. New volume: (25, 512, 512)
2025-05-09 19:42:28,460: INFO : __main__ : Chunk 6 processed. Current memory usage: 50.1%
2025-05-09 19:42:28,460: INFO : image_loading : Loading chunk 7/14 (50 images)
2025-05-09 19:42:28,711: INFO : __main__ : Processing chunk 7 with 50 images
2025-05-09 19:42:30,848: INFO : image_processing : Otsu threshold calculated: 197.00
2025-05-09 19:42:36,700: INFO : image_processing : Binarization completed with threshold: 197.00
2025-05-09 19:42:36,744: INFO : image_processing : Starting morphological closing with radius 3...
2025-05-09 19:42:51,297: INFO : image_processing : Morphological closing completed.
2025-05-09 19:42:51,349: INFO : image_processing : Starting interpolation with scaling factor 0.5...
2025-05-09 19:42:51,349: INFO : image_processing : Interpolating chunk 1/3...
2025-05-09 19:42:51,505: INFO : image_processing : Chunk 1/3 interpolated.
2025-05-09 19:42:51,505: INFO : image_processing : Interpolating chunk 2/3...
2025-05-09 19:42:51,665: INFO : image_processing : Chunk 2/3 interpolated.
2025-05-09 19:42:51,665: INFO : image_processing : Interpolating chunk 3/3...
2025-05-09 19:42:51,758: INFO : image_processing : Chunk 3/3 interpolated.
2025-05-09 19:42:51,758: INFO : image_processing : Interpolation completed. New volume: (25, 512, 512)
2025-05-09 19:42:51,784: INFO : __main__ : Chunk 7 processed. Current memory usage: 50.7%
2025-05-09 19:42:51,784: INFO : image_loading : Loading chunk 8/14 (50 images)
2025-05-09 19:42:52,255: INFO : __main__ : Processing chunk 8 with 50 images
2025-05-09 19:42:54,484: INFO : image_processing : Otsu threshold calculated: 194.00
2025-05-09 19:42:58,344: INFO : image_processing : Binarization completed with threshold: 194.00
2025-05-09 19:42:58,373: INFO : image_processing : Starting morphological closing with radius 3...
2025-05-09 19:43:12,972: INFO : image_processing : Morphological closing completed.
2025-05-09 19:43:13,027: INFO : image_processing : Starting interpolation with scaling factor 0.5...
2025-05-09 19:43:13,028: INFO : image_processing : Interpolating chunk 1/3...
2025-05-09 19:43:13,173: INFO : image_processing : Chunk 1/3 interpolated.
2025-05-09 19:43:13,173: INFO : image_processing : Interpolating chunk 2/3...
2025-05-09 19:43:13,342: INFO : image_processing : Chunk 2/3 interpolated.
2025-05-09 19:43:13,342: INFO : image_processing : Interpolating chunk 3/3...
2025-05-09 19:43:13,417: INFO : image_processing : Chunk 3/3 interpolated.
2025-05-09 19:43:13,417: INFO : image_processing : Interpolation completed. New volume: (25, 512, 512)
2025-05-09 19:43:13,439: INFO : __main__ : Chunk 8 processed. Current memory usage: 51.5%
2025-05-09 19:43:13,439: INFO : image_loading : Loading chunk 9/14 (50 images)
2025-05-09 19:43:13,734: INFO : __main__ : Processing chunk 9 with 50 images
2025-05-09 19:43:15,893: INFO : image_processing : Otsu threshold calculated: 193.00
2025-05-09 19:43:18,796: INFO : image_processing : Binarization completed with threshold: 193.00
2025-05-09 19:43:18,821: INFO : image_processing : Starting morphological closing with radius 3...
2025-05-09 19:43:33,251: INFO : image_processing : Morphological closing completed.
2025-05-09 19:43:33,307: INFO : image_processing : Starting interpolation with scaling factor 0.5...
2025-05-09 19:43:33,307: INFO : image_processing : Interpolating chunk 1/3...
2025-05-09 19:43:33,475: INFO : image_processing : Chunk 1/3 interpolated.
2025-05-09 19:43:33,475: INFO : image_processing : Interpolating chunk 2/3...
2025-05-09 19:43:33,622: INFO : image_processing : Chunk 2/3 interpolated.
2025-05-09 19:43:33,623: INFO : image_processing : Interpolating chunk 3/3...
2025-05-09 19:43:33,702: INFO : image_processing : Chunk 3/3 interpolated.
2025-05-09 19:43:33,703: INFO : image_processing : Interpolation completed. New volume: (25, 512, 512)
2025-05-09 19:43:33,730: INFO : __main__ : Chunk 9 processed. Current memory usage: 51.3%
2025-05-09 19:43:33,730: INFO : image_loading : Loading chunk 10/14 (50 images)
2025-05-09 19:43:33,999: INFO : __main__ : Processing chunk 10 with 50 images
2025-05-09 19:43:36,231: INFO : image_processing : Otsu threshold calculated: 192.00
2025-05-09 19:43:40,211: INFO : image_processing : Binarization completed with threshold: 192.00
2025-05-09 19:43:40,240: INFO : image_processing : Starting morphological closing with radius 3...
2025-05-09 19:43:54,894: INFO : image_processing : Morphological closing completed.
2025-05-09 19:43:54,958: INFO : image_processing : Starting interpolation with scaling factor 0.5...
2025-05-09 19:43:54,959: INFO : image_processing : Interpolating chunk 1/3...
2025-05-09 19:43:55,144: INFO : image_processing : Chunk 1/3 interpolated.
2025-05-09 19:43:55,144: INFO : image_processing : Interpolating chunk 2/3...
2025-05-09 19:43:55,320: INFO : image_processing : Chunk 2/3 interpolated.
2025-05-09 19:43:55,320: INFO : image_processing : Interpolating chunk 3/3...
2025-05-09 19:43:55,396: INFO : image_processing : Chunk 3/3 interpolated.
2025-05-09 19:43:55,396: INFO : image_processing : Interpolation completed. New volume: (25, 512, 512)
2025-05-09 19:43:55,421: INFO : __main__ : Chunk 10 processed. Current memory usage: 53.0%
2025-05-09 19:43:55,421: INFO : image_loading : Loading chunk 11/14 (50 images)
2025-05-09 19:43:55,654: INFO : __main__ : Processing chunk 11 with 50 images
2025-05-09 19:43:57,773: INFO : image_processing : Otsu threshold calculated: 193.00
2025-05-09 19:44:01,763: INFO : image_processing : Binarization completed with threshold: 193.00
2025-05-09 19:44:01,788: INFO : image_processing : Starting morphological closing with radius 3...
2025-05-09 19:44:16,182: INFO : image_processing : Morphological closing completed.
2025-05-09 19:44:16,247: INFO : image_processing : Starting interpolation with scaling factor 0.5...
2025-05-09 19:44:16,248: INFO : image_processing : Interpolating chunk 1/3...
2025-05-09 19:44:16,405: INFO : image_processing : Chunk 1/3 interpolated.
2025-05-09 19:44:16,405: INFO : image_processing : Interpolating chunk 2/3...
2025-05-09 19:44:16,568: INFO : image_processing : Chunk 2/3 interpolated.
2025-05-09 19:44:16,568: INFO : image_processing : Interpolating chunk 3/3...
2025-05-09 19:44:16,654: INFO : image_processing : Chunk 3/3 interpolated.
2025-05-09 19:44:16,654: INFO : image_processing : Interpolation completed. New volume: (25, 512, 512)
2025-05-09 19:44:16,682: INFO : __main__ : Chunk 11 processed. Current memory usage: 51.9%
2025-05-09 19:44:16,682: INFO : image_loading : Loading chunk 12/14 (50 images)
2025-05-09 19:44:17,011: INFO : __main__ : Processing chunk 12 with 50 images
2025-05-09 19:44:19,183: INFO : image_processing : Otsu threshold calculated: 194.00
2025-05-09 19:44:24,072: INFO : image_processing : Binarization completed with threshold: 194.00
2025-05-09 19:44:24,105: INFO : image_processing : Starting morphological closing with radius 3...
2025-05-09 19:44:38,850: INFO : image_processing : Morphological closing completed.
2025-05-09 19:44:38,897: INFO : image_processing : Starting interpolation with scaling factor 0.5...
2025-05-09 19:44:38,898: INFO : image_processing : Interpolating chunk 1/3...
2025-05-09 19:44:39,044: INFO : image_processing : Chunk 1/3 interpolated.
2025-05-09 19:44:39,045: INFO : image_processing : Interpolating chunk 2/3...
2025-05-09 19:44:39,190: INFO : image_processing : Chunk 2/3 interpolated.
2025-05-09 19:44:39,190: INFO : image_processing : Interpolating chunk 3/3...
2025-05-09 19:44:39,264: INFO : image_processing : Chunk 3/3 interpolated.
2025-05-09 19:44:39,264: INFO : image_processing : Interpolation completed. New volume: (25, 512, 512)
2025-05-09 19:44:39,288: INFO : __main__ : Chunk 12 processed. Current memory usage: 54.0%
2025-05-09 19:44:39,288: INFO : image_loading : Loading chunk 13/14 (50 images)
2025-05-09 19:44:39,631: INFO : __main__ : Processing chunk 13 with 50 images
2025-05-09 19:44:41,765: INFO : image_processing : Otsu threshold calculated: 194.00
2025-05-09 19:44:45,580: INFO : image_processing : Binarization completed with threshold: 194.00
2025-05-09 19:44:45,607: INFO : image_processing : Starting morphological closing with radius 3...
2025-05-09 19:45:00,401: INFO : image_processing : Morphological closing completed.
2025-05-09 19:45:00,446: INFO : image_processing : Starting interpolation with scaling factor 0.5...
2025-05-09 19:45:00,446: INFO : image_processing : Interpolating chunk 1/3...
2025-05-09 19:45:00,590: INFO : image_processing : Chunk 1/3 interpolated.
2025-05-09 19:45:00,590: INFO : image_processing : Interpolating chunk 2/3...
2025-05-09 19:45:00,735: INFO : image_processing : Chunk 2/3 interpolated.
2025-05-09 19:45:00,735: INFO : image_processing : Interpolating chunk 3/3...
2025-05-09 19:45:00,808: INFO : image_processing : Chunk 3/3 interpolated.
2025-05-09 19:45:00,808: INFO : image_processing : Interpolation completed. New volume: (25, 512, 512)
2025-05-09 19:45:00,831: INFO : __main__ : Chunk 13 processed. Current memory usage: 53.7%
2025-05-09 19:45:00,831: INFO : image_loading : Loading chunk 14/14 (41 images)
2025-05-09 19:45:01,014: INFO : __main__ : Processing chunk 14 with 41 images
2025-05-09 19:45:02,764: INFO : image_processing : Otsu threshold calculated: 161.00
2025-05-09 19:45:05,288: INFO : image_processing : Binarization completed with threshold: 161.00
2025-05-09 19:45:05,313: INFO : image_processing : Starting morphological closing with radius 3...
2025-05-09 19:45:17,217: INFO : image_processing : Morphological closing completed.
2025-05-09 19:45:17,275: INFO : image_processing : Starting interpolation with scaling factor 0.5...
2025-05-09 19:45:17,275: INFO : image_processing : Interpolating chunk 1/3...
2025-05-09 19:45:17,421: INFO : image_processing : Chunk 1/3 interpolated.
2025-05-09 19:45:17,421: INFO : image_processing : Interpolating chunk 2/3...
2025-05-09 19:45:17,566: INFO : image_processing : Chunk 2/3 interpolated.
2025-05-09 19:45:17,566: INFO : image_processing : Interpolating chunk 3/3...
2025-05-09 19:45:17,567: INFO : image_processing : Chunk 3/3 interpolated.
2025-05-09 19:45:17,567: INFO : image_processing : Interpolation completed. New volume: (20, 512, 512)
2025-05-09 19:45:17,587: INFO : __main__ : Chunk 14 processed. Current memory usage: 53.5%
2025-05-09 19:45:17,629: INFO : __main__ : Searching for the largest cluster...
2025-05-09 19:45:17,629: INFO : cluster_analysis : Starting Connected Component Labeling...
2025-05-09 19:45:20,437: INFO : cluster_analysis : Connected Component Labeling completed. 49 clusters found.
2025-05-09 19:45:20,669: INFO : cluster_analysis : The largest cluster has label 1 with 84909948 voxels.
2025-05-09 19:45:20,764: INFO : __main__ : Largest cluster found: 84909948 voxels out of 49 clusters
2025-05-09 19:45:20,784: INFO : __main__ : Generating mesh with Marching Cubes...
2025-05-09 19:45:24,294: INFO : mesh_generation : Marching Cubes erfolgreich ausgeführt. 4017243 Punkte, 8028574 Flächen generiert.
2025-05-09 19:45:24,296: INFO : mesh_generation : Speichere Mesh mit 4017243 Vertices und 8028574 Dreiecken als VTK...
2025-05-09 19:45:24,647: INFO : mesh_generation : Mesh erfolgreich als VTK-Datei gespeichert: test_pictures/mesh_09052025_194022.vtk
2025-05-09 19:45:24,648: INFO : __main__ : Mesh saved as: test_pictures/mesh_09052025_194022.vtk
2025-05-09 19:45:24,648: INFO : __main__ : Generating tetrahedral mesh...
2025-05-09 19:45:24,648: INFO : mesh_generation : Volumen zu groß für direktes Tetrahedral Meshing (90439680 > 50000000).
2025-05-09 19:45:24,648: INFO : mesh_generation : Wende Downsampling an...
2025-05-09 19:45:24,783: INFO : mesh_generation : Volumen auf (172, 256, 256) verkleinert (Faktor: 0.500)
2025-05-09 19:45:24,783: INFO : mesh_generation : Voxelgröße angepasst auf 0.200000
2025-05-09 19:45:24,783: INFO : mesh_generation : Starte CGAL Tetrahedral Meshing...
2025-05-09 19:50:02,699: INFO : root : Removing triangle cells.
2025-05-09 19:50:02,699: INFO : mesh_generation : Tetrahedral Mesh erstellt mit 1 Tetraedern.
2025-05-09 19:50:03,034: INFO : mesh_generation : Tetrahedral Mesh erfolgreich gespeichert: test_pictures/tetramesh_09052025_194022.vtk
2025-05-09 19:50:03,034: INFO : __main__ : Tetrahedral mesh successfully generated and saved as: test_pictures/tetramesh_09052025_194022.vtk
2025-05-09 19:50:03,034: INFO : __main__ : Processing completed.
2025-05-09 19:50:03,036: INFO : __main__ : Processing completed in 580.18 seconds.
